<?xml version="1.0" encoding="UTF-8"?>
<!-- Generated by org.testng.reporters.JUnitReportReporter -->
<testsuite skipped="0" hostname="DESKTOP-006" name="test.NewTest" tests="1" failures="0" timestamp="26 Jul 2018 09:50:33 GMT" time="9.268" errors="0">
  <testcase name="openMyBlog" time="9.268" classname="test.NewTest"/>
</testsuite> <!-- test.NewTest -->
